<?xml version="1.0" encoding="UTF-8"?>
<coverage generated="1652354443910" clover="3.2.0">
  <project timestamp="1652354443910" name="All files">
    <metrics statements="84" coveredstatements="57" conditionals="30" coveredconditionals="14" methods="29" coveredmethods="16" elements="143" coveredelements="87" complexity="0" loc="84" ncloc="84" packages="1" files="3" classes="3"/>
    <file name="Gameboard.js" path="/home/jonathanfoo/repos/battleship-game/src/components/Gameboard.js">
      <metrics statements="42" coveredstatements="26" conditionals="24" coveredconditionals="12" methods="18" coveredmethods="11"/>
      <line num="5" count="1" type="stmt"/>
      <line num="16" count="1" type="stmt"/>
      <line num="18" count="1" type="stmt"/>
      <line num="19" count="1" type="stmt"/>
      <line num="22" count="1" type="stmt"/>
      <line num="23" count="0" type="cond" truecount="0" falsecount="4"/>
      <line num="24" count="0" type="stmt"/>
      <line num="25" count="0" type="cond" truecount="0" falsecount="4"/>
      <line num="26" count="0" type="stmt"/>
      <line num="28" count="0" type="stmt"/>
      <line num="35" count="0" type="stmt"/>
      <line num="36" count="0" type="stmt"/>
      <line num="40" count="0" type="stmt"/>
      <line num="41" count="0" type="stmt"/>
      <line num="42" count="0" type="stmt"/>
      <line num="43" count="0" type="stmt"/>
      <line num="44" count="0" type="cond" truecount="0" falsecount="2"/>
      <line num="45" count="0" type="stmt"/>
      <line num="47" count="0" type="stmt"/>
      <line num="51" count="1" type="stmt"/>
      <line num="52" count="0" type="stmt"/>
      <line num="58" count="25" type="stmt"/>
      <line num="59" count="25" type="stmt"/>
      <line num="61" count="50" type="stmt"/>
      <line num="64" count="25" type="cond" truecount="4" falsecount="0"/>
      <line num="65" count="18" type="stmt"/>
      <line num="66" count="7" type="cond" truecount="2" falsecount="2"/>
      <line num="67" count="0" type="stmt"/>
      <line num="69" count="7" type="stmt"/>
      <line num="73" count="1" type="stmt"/>
      <line num="74" count="18" type="stmt"/>
      <line num="75" count="18" type="stmt"/>
      <line num="76" count="18" type="stmt"/>
      <line num="77" count="202" type="cond" truecount="4" falsecount="0"/>
      <line num="80" count="18" type="cond" truecount="2" falsecount="0"/>
      <line num="81" count="17" type="stmt"/>
      <line num="82" count="52" type="stmt"/>
      <line num="84" count="13" type="stmt"/>
      <line num="90" count="1" type="stmt"/>
      <line num="91" count="30" type="stmt"/>
      <line num="97" count="1" type="stmt"/>
      <line num="98" count="5" type="stmt"/>
    </file>
    <file name="Ship.js" path="/home/jonathanfoo/repos/battleship-game/src/components/Ship.js">
      <metrics statements="38" coveredstatements="31" conditionals="6" coveredconditionals="2" methods="9" coveredmethods="5"/>
      <line num="3" count="5" type="stmt"/>
      <line num="4" count="5" type="stmt"/>
      <line num="5" count="5" type="stmt"/>
      <line num="6" count="5" type="stmt"/>
      <line num="7" count="5" type="stmt"/>
      <line num="8" count="5" type="stmt"/>
      <line num="9" count="5" type="stmt"/>
      <line num="14" count="5" type="stmt"/>
      <line num="15" count="5" type="stmt"/>
      <line num="18" count="5" type="stmt"/>
      <line num="19" count="18" type="stmt"/>
      <line num="20" count="18" type="stmt"/>
      <line num="21" count="18" type="stmt"/>
      <line num="25" count="5" type="stmt"/>
      <line num="26" count="0" type="cond" truecount="0" falsecount="2"/>
      <line num="30" count="5" type="stmt"/>
      <line num="31" count="18" type="stmt"/>
      <line num="32" count="18" type="stmt"/>
      <line num="33" count="18" type="cond" truecount="1" falsecount="1"/>
      <line num="34" count="18" type="stmt"/>
      <line num="35" count="47" type="stmt"/>
      <line num="36" count="47" type="stmt"/>
      <line num="39" count="0" type="stmt"/>
      <line num="40" count="0" type="stmt"/>
      <line num="41" count="0" type="stmt"/>
      <line num="44" count="18" type="stmt"/>
      <line num="50" count="18" type="stmt"/>
      <line num="51" count="18" type="stmt"/>
      <line num="52" count="18" type="stmt"/>
      <line num="53" count="18" type="stmt"/>
      <line num="55" count="18" type="cond" truecount="1" falsecount="1"/>
      <line num="56" count="0" type="stmt"/>
      <line num="57" count="0" type="stmt"/>
      <line num="58" count="0" type="stmt"/>
      <line num="60" count="18" type="stmt"/>
      <line num="61" count="18" type="stmt"/>
      <line num="62" count="18" type="stmt"/>
      <line num="65" count="18" type="stmt"/>
    </file>
    <file name="testFunctions.js" path="/home/jonathanfoo/repos/battleship-game/src/components/testFunctions.js">
      <metrics statements="4" coveredstatements="0" conditionals="0" coveredconditionals="0" methods="2" coveredmethods="0"/>
      <line num="3" count="0" type="stmt"/>
      <line num="6" count="0" type="stmt"/>
      <line num="7" count="0" type="stmt"/>
      <line num="9" count="0" type="stmt"/>
    </file>
  </project>
</coverage>
