{"/home/jonathanfoo/repos/battleship-game/src/components/Gameboard.js": {"path":"/home/jonathanfoo/repos/battleship-game/src/components/Gameboard.js","statementMap":{"0":{"start":{"line":5,"column":8},"end":{"line":14,"column":70}},"1":{"start":{"line":16,"column":8},"end":{"line":16,"column":115}},"2":{"start":{"line":18,"column":8},"end":{"line":18,"column":53}},"3":{"start":{"line":19,"column":8},"end":{"line":19,"column":68}},"4":{"start":{"line":22,"column":20},"end":{"line":31,"column":5}},"5":{"start":{"line":23,"column":8},"end":{"line":29,"column":9}},"6":{"start":{"line":24,"column":12},"end":{"line":24,"column":19}},"7":{"start":{"line":25,"column":15},"end":{"line":29,"column":9}},"8":{"start":{"line":26,"column":12},"end":{"line":26,"column":53}},"9":{"start":{"line":28,"column":8},"end":{"line":28,"column":34}},"10":{"start":{"line":35,"column":26},"end":{"line":35,"column":45}},"11":{"start":{"line":36,"column":8},"end":{"line":36,"column":77}},"12":{"start":{"line":36,"column":35},"end":{"line":36,"column":76}},"13":{"start":{"line":40,"column":29},"end":{"line":40,"column":60}},"14":{"start":{"line":41,"column":27},"end":{"line":41,"column":86}},"15":{"start":{"line":41,"column":54},"end":{"line":41,"column":85}},"16":{"start":{"line":42,"column":8},"end":{"line":42,"column":45}},"17":{"start":{"line":43,"column":8},"end":{"line":43,"column":25}},"18":{"start":{"line":44,"column":8},"end":{"line":48,"column":9}},"19":{"start":{"line":45,"column":12},"end":{"line":45,"column":18}},"20":{"start":{"line":47,"column":12},"end":{"line":47,"column":31}},"21":{"start":{"line":51,"column":23},"end":{"line":53,"column":5}},"22":{"start":{"line":52,"column":8},"end":{"line":52,"column":58}},"23":{"start":{"line":52,"column":43},"end":{"line":52,"column":56}},"24":{"start":{"line":58,"column":16},"end":{"line":58,"column":27}},"25":{"start":{"line":59,"column":16},"end":{"line":59,"column":27}},"26":{"start":{"line":61,"column":12},"end":{"line":61,"column":50}},"27":{"start":{"line":64,"column":8},"end":{"line":70,"column":9}},"28":{"start":{"line":65,"column":12},"end":{"line":65,"column":26}},"29":{"start":{"line":66,"column":15},"end":{"line":70,"column":9}},"30":{"start":{"line":67,"column":12},"end":{"line":67,"column":26}},"31":{"start":{"line":69,"column":12},"end":{"line":69,"column":57}},"32":{"start":{"line":73,"column":25},"end":{"line":87,"column":5}},"33":{"start":{"line":74,"column":23},"end":{"line":74,"column":34}},"34":{"start":{"line":75,"column":28},"end":{"line":75,"column":44}},"35":{"start":{"line":76,"column":8},"end":{"line":76,"column":65}},"36":{"start":{"line":77,"column":28},"end":{"line":77,"column":126}},"37":{"start":{"line":77,"column":64},"end":{"line":77,"column":124}},"38":{"start":{"line":80,"column":8},"end":{"line":85,"column":9}},"39":{"start":{"line":81,"column":12},"end":{"line":81,"column":103}},"40":{"start":{"line":81,"column":50},"end":{"line":81,"column":102}},"41":{"start":{"line":82,"column":12},"end":{"line":82,"column":86}},"42":{"start":{"line":82,"column":43},"end":{"line":82,"column":84}},"43":{"start":{"line":84,"column":12},"end":{"line":84,"column":48}},"44":{"start":{"line":90,"column":17},"end":{"line":93,"column":5}},"45":{"start":{"line":91,"column":8},"end":{"line":91,"column":94}},"46":{"start":{"line":91,"column":50},"end":{"line":91,"column":92}},"47":{"start":{"line":97,"column":17},"end":{"line":100,"column":5}},"48":{"start":{"line":98,"column":8},"end":{"line":98,"column":69}},"49":{"start":{"line":98,"column":38},"end":{"line":98,"column":67}}},"fnMap":{"0":{"name":"(anonymous_0)","decl":{"start":{"line":4,"column":4},"end":{"line":4,"column":5}},"loc":{"start":{"line":4,"column":18},"end":{"line":20,"column":5}},"line":4},"1":{"name":"(anonymous_1)","decl":{"start":{"line":22,"column":20},"end":{"line":22,"column":21}},"loc":{"start":{"line":22,"column":31},"end":{"line":31,"column":5}},"line":22},"2":{"name":"(anonymous_2)","decl":{"start":{"line":34,"column":4},"end":{"line":34,"column":5}},"loc":{"start":{"line":34,"column":17},"end":{"line":37,"column":5}},"line":34},"3":{"name":"(anonymous_3)","decl":{"start":{"line":36,"column":26},"end":{"line":36,"column":27}},"loc":{"start":{"line":36,"column":35},"end":{"line":36,"column":76}},"line":36},"4":{"name":"(anonymous_4)","decl":{"start":{"line":39,"column":4},"end":{"line":39,"column":5}},"loc":{"start":{"line":39,"column":23},"end":{"line":49,"column":5}},"line":39},"5":{"name":"(anonymous_5)","decl":{"start":{"line":41,"column":46},"end":{"line":41,"column":47}},"loc":{"start":{"line":41,"column":54},"end":{"line":41,"column":85}},"line":41},"6":{"name":"(anonymous_6)","decl":{"start":{"line":51,"column":23},"end":{"line":51,"column":24}},"loc":{"start":{"line":51,"column":29},"end":{"line":53,"column":5}},"line":51},"7":{"name":"(anonymous_7)","decl":{"start":{"line":52,"column":35},"end":{"line":52,"column":36}},"loc":{"start":{"line":52,"column":43},"end":{"line":52,"column":56}},"line":52},"8":{"name":"(anonymous_8)","decl":{"start":{"line":57,"column":4},"end":{"line":57,"column":5}},"loc":{"start":{"line":57,"column":38},"end":{"line":71,"column":5}},"line":57},"9":{"name":"randomInt","decl":{"start":{"line":60,"column":17},"end":{"line":60,"column":26}},"loc":{"start":{"line":60,"column":29},"end":{"line":62,"column":9}},"line":60},"10":{"name":"(anonymous_10)","decl":{"start":{"line":73,"column":25},"end":{"line":73,"column":26}},"loc":{"start":{"line":73,"column":35},"end":{"line":87,"column":5}},"line":73},"11":{"name":"(anonymous_11)","decl":{"start":{"line":77,"column":55},"end":{"line":77,"column":56}},"loc":{"start":{"line":77,"column":64},"end":{"line":77,"column":124}},"line":77},"12":{"name":"(anonymous_12)","decl":{"start":{"line":81,"column":41},"end":{"line":81,"column":42}},"loc":{"start":{"line":81,"column":50},"end":{"line":81,"column":102}},"line":81},"13":{"name":"(anonymous_13)","decl":{"start":{"line":82,"column":33},"end":{"line":82,"column":34}},"loc":{"start":{"line":82,"column":42},"end":{"line":82,"column":85}},"line":82},"14":{"name":"(anonymous_14)","decl":{"start":{"line":90,"column":17},"end":{"line":90,"column":18}},"loc":{"start":{"line":90,"column":27},"end":{"line":93,"column":5}},"line":90},"15":{"name":"(anonymous_15)","decl":{"start":{"line":91,"column":41},"end":{"line":91,"column":42}},"loc":{"start":{"line":91,"column":50},"end":{"line":91,"column":92}},"line":91},"16":{"name":"(anonymous_16)","decl":{"start":{"line":97,"column":17},"end":{"line":97,"column":18}},"loc":{"start":{"line":97,"column":23},"end":{"line":100,"column":5}},"line":97},"17":{"name":"(anonymous_17)","decl":{"start":{"line":98,"column":30},"end":{"line":98,"column":31}},"loc":{"start":{"line":98,"column":38},"end":{"line":98,"column":67}},"line":98}},"branchMap":{"0":{"loc":{"start":{"line":23,"column":8},"end":{"line":29,"column":9}},"type":"if","locations":[{"start":{"line":23,"column":8},"end":{"line":29,"column":9}},{"start":{"line":25,"column":15},"end":{"line":29,"column":9}}],"line":23},"1":{"loc":{"start":{"line":23,"column":12},"end":{"line":23,"column":102}},"type":"binary-expr","locations":[{"start":{"line":23,"column":12},"end":{"line":23,"column":55}},{"start":{"line":23,"column":59},"end":{"line":23,"column":102}}],"line":23},"2":{"loc":{"start":{"line":25,"column":15},"end":{"line":29,"column":9}},"type":"if","locations":[{"start":{"line":25,"column":15},"end":{"line":29,"column":9}},{"start":{"line":27,"column":15},"end":{"line":29,"column":9}}],"line":25},"3":{"loc":{"start":{"line":25,"column":19},"end":{"line":25,"column":108}},"type":"binary-expr","locations":[{"start":{"line":25,"column":19},"end":{"line":25,"column":61}},{"start":{"line":25,"column":65},"end":{"line":25,"column":108}}],"line":25},"4":{"loc":{"start":{"line":44,"column":8},"end":{"line":48,"column":9}},"type":"if","locations":[{"start":{"line":44,"column":8},"end":{"line":48,"column":9}},{"start":{"line":46,"column":15},"end":{"line":48,"column":9}}],"line":44},"5":{"loc":{"start":{"line":64,"column":8},"end":{"line":70,"column":9}},"type":"if","locations":[{"start":{"line":64,"column":8},"end":{"line":70,"column":9}},{"start":{"line":66,"column":15},"end":{"line":70,"column":9}}],"line":64},"6":{"loc":{"start":{"line":64,"column":12},"end":{"line":64,"column":59}},"type":"binary-expr","locations":[{"start":{"line":64,"column":12},"end":{"line":64,"column":40}},{"start":{"line":64,"column":44},"end":{"line":64,"column":59}}],"line":64},"7":{"loc":{"start":{"line":66,"column":15},"end":{"line":70,"column":9}},"type":"if","locations":[{"start":{"line":66,"column":15},"end":{"line":70,"column":9}},{"start":{"line":68,"column":15},"end":{"line":70,"column":9}}],"line":66},"8":{"loc":{"start":{"line":66,"column":19},"end":{"line":66,"column":64}},"type":"binary-expr","locations":[{"start":{"line":66,"column":19},"end":{"line":66,"column":45}},{"start":{"line":66,"column":49},"end":{"line":66,"column":64}}],"line":66},"9":{"loc":{"start":{"line":77,"column":64},"end":{"line":77,"column":124}},"type":"binary-expr","locations":[{"start":{"line":77,"column":64},"end":{"line":77,"column":76}},{"start":{"line":77,"column":80},"end":{"line":77,"column":92}},{"start":{"line":77,"column":96},"end":{"line":77,"column":108}},{"start":{"line":77,"column":112},"end":{"line":77,"column":124}}],"line":77},"10":{"loc":{"start":{"line":80,"column":8},"end":{"line":85,"column":9}},"type":"if","locations":[{"start":{"line":80,"column":8},"end":{"line":85,"column":9}},{"start":{"line":83,"column":15},"end":{"line":85,"column":9}}],"line":80}},"s":{"0":1,"1":1,"2":1,"3":1,"4":1,"5":0,"6":0,"7":0,"8":0,"9":0,"10":0,"11":0,"12":0,"13":0,"14":0,"15":0,"16":0,"17":0,"18":0,"19":0,"20":0,"21":1,"22":0,"23":0,"24":25,"25":25,"26":50,"27":25,"28":18,"29":7,"30":0,"31":7,"32":1,"33":18,"34":18,"35":18,"36":18,"37":202,"38":18,"39":5,"40":17,"41":5,"42":52,"43":13,"44":1,"45":18,"46":30,"47":1,"48":1,"49":5},"f":{"0":1,"1":0,"2":0,"3":0,"4":0,"5":0,"6":0,"7":0,"8":25,"9":50,"10":18,"11":202,"12":17,"13":52,"14":18,"15":30,"16":1,"17":5},"b":{"0":[0,0],"1":[0,0],"2":[0,0],"3":[0,0],"4":[0,0],"5":[18,7],"6":[25,25],"7":[0,7],"8":[7,0],"9":[202,202,187,178],"10":[5,13]},"_coverageSchema":"1a1c01bbd47fc00a2c39e90264f33305004495a9","hash":"36e44bebcf1b815f8ec81b83e688a497b9430673"}
,"/home/jonathanfoo/repos/battleship-game/src/components/Ship.js": {"path":"/home/jonathanfoo/repos/battleship-game/src/components/Ship.js","statementMap":{"0":{"start":{"line":3,"column":8},"end":{"line":3,"column":29}},"1":{"start":{"line":4,"column":8},"end":{"line":4,"column":27}},"2":{"start":{"line":5,"column":8},"end":{"line":5,"column":32}},"3":{"start":{"line":6,"column":8},"end":{"line":6,"column":40}},"4":{"start":{"line":7,"column":8},"end":{"line":7,"column":28}},"5":{"start":{"line":8,"column":8},"end":{"line":8,"column":33}},"6":{"start":{"line":9,"column":8},"end":{"line":9,"column":33}},"7":{"start":{"line":14,"column":10},"end":{"line":14,"column":27}},"8":{"start":{"line":14,"column":16},"end":{"line":14,"column":27}},"9":{"start":{"line":15,"column":13},"end":{"line":15,"column":34}},"10":{"start":{"line":15,"column":19},"end":{"line":15,"column":34}},"11":{"start":{"line":18,"column":19},"end":{"line":23,"column":5}},"12":{"start":{"line":19,"column":8},"end":{"line":19,"column":31}},"13":{"start":{"line":20,"column":8},"end":{"line":20,"column":34}},"14":{"start":{"line":21,"column":8},"end":{"line":21,"column":38}},"15":{"start":{"line":25,"column":24},"end":{"line":27,"column":5}},"16":{"start":{"line":26,"column":8},"end":{"line":26,"column":113}},"17":{"start":{"line":30,"column":25},"end":{"line":45,"column":5}},"18":{"start":{"line":31,"column":21},"end":{"line":31,"column":23}},"19":{"start":{"line":32,"column":16},"end":{"line":32,"column":17}},"20":{"start":{"line":33,"column":8},"end":{"line":43,"column":9}},"21":{"start":{"line":34,"column":12},"end":{"line":37,"column":13}},"22":{"start":{"line":35,"column":16},"end":{"line":35,"column":76}},"23":{"start":{"line":36,"column":16},"end":{"line":36,"column":20}},"24":{"start":{"line":39,"column":12},"end":{"line":42,"column":13}},"25":{"start":{"line":40,"column":16},"end":{"line":40,"column":77}},"26":{"start":{"line":41,"column":16},"end":{"line":41,"column":20}},"27":{"start":{"line":44,"column":8},"end":{"line":44,"column":44}},"28":{"start":{"line":50,"column":21},"end":{"line":50,"column":23}},"29":{"start":{"line":51,"column":21},"end":{"line":51,"column":43}},"30":{"start":{"line":52,"column":21},"end":{"line":52,"column":72}},"31":{"start":{"line":53,"column":21},"end":{"line":53,"column":81}},"32":{"start":{"line":55,"column":8},"end":{"line":63,"column":9}},"33":{"start":{"line":56,"column":12},"end":{"line":56,"column":172}},"34":{"start":{"line":57,"column":12},"end":{"line":57,"column":107}},"35":{"start":{"line":57,"column":34},"end":{"line":57,"column":105}},"36":{"start":{"line":58,"column":12},"end":{"line":58,"column":172}},"37":{"start":{"line":60,"column":12},"end":{"line":60,"column":173}},"38":{"start":{"line":61,"column":12},"end":{"line":61,"column":107}},"39":{"start":{"line":61,"column":34},"end":{"line":61,"column":105}},"40":{"start":{"line":62,"column":12},"end":{"line":62,"column":172}},"41":{"start":{"line":65,"column":8},"end":{"line":65,"column":44}}},"fnMap":{"0":{"name":"(anonymous_0)","decl":{"start":{"line":2,"column":4},"end":{"line":2,"column":5}},"loc":{"start":{"line":2,"column":33},"end":{"line":10,"column":5}},"line":2},"1":{"name":"(anonymous_1)","decl":{"start":{"line":14,"column":10},"end":{"line":14,"column":11}},"loc":{"start":{"line":14,"column":16},"end":{"line":14,"column":27}},"line":14},"2":{"name":"(anonymous_2)","decl":{"start":{"line":15,"column":13},"end":{"line":15,"column":14}},"loc":{"start":{"line":15,"column":19},"end":{"line":15,"column":34}},"line":15},"3":{"name":"(anonymous_3)","decl":{"start":{"line":18,"column":19},"end":{"line":18,"column":20}},"loc":{"start":{"line":18,"column":30},"end":{"line":23,"column":5}},"line":18},"4":{"name":"(anonymous_4)","decl":{"start":{"line":25,"column":24},"end":{"line":25,"column":25}},"loc":{"start":{"line":25,"column":30},"end":{"line":27,"column":5}},"line":25},"5":{"name":"(anonymous_5)","decl":{"start":{"line":30,"column":25},"end":{"line":30,"column":26}},"loc":{"start":{"line":30,"column":31},"end":{"line":45,"column":5}},"line":30},"6":{"name":"(anonymous_6)","decl":{"start":{"line":49,"column":4},"end":{"line":49,"column":5}},"loc":{"start":{"line":49,"column":29},"end":{"line":66,"column":5}},"line":49},"7":{"name":"(anonymous_7)","decl":{"start":{"line":57,"column":25},"end":{"line":57,"column":26}},"loc":{"start":{"line":57,"column":34},"end":{"line":57,"column":105}},"line":57},"8":{"name":"(anonymous_8)","decl":{"start":{"line":61,"column":25},"end":{"line":61,"column":26}},"loc":{"start":{"line":61,"column":34},"end":{"line":61,"column":105}},"line":61}},"branchMap":{"0":{"loc":{"start":{"line":26,"column":15},"end":{"line":26,"column":112}},"type":"cond-expr","locations":[{"start":{"line":26,"column":49},"end":{"line":26,"column":80}},{"start":{"line":26,"column":83},"end":{"line":26,"column":112}}],"line":26},"1":{"loc":{"start":{"line":33,"column":8},"end":{"line":43,"column":9}},"type":"if","locations":[{"start":{"line":33,"column":8},"end":{"line":43,"column":9}},{"start":{"line":38,"column":15},"end":{"line":43,"column":9}}],"line":33},"2":{"loc":{"start":{"line":55,"column":8},"end":{"line":63,"column":9}},"type":"if","locations":[{"start":{"line":55,"column":8},"end":{"line":63,"column":9}},{"start":{"line":59,"column":15},"end":{"line":63,"column":9}}],"line":55}},"s":{"0":5,"1":5,"2":5,"3":5,"4":5,"5":5,"6":5,"7":5,"8":0,"9":5,"10":0,"11":5,"12":18,"13":18,"14":18,"15":5,"16":0,"17":5,"18":18,"19":18,"20":18,"21":18,"22":47,"23":47,"24":0,"25":0,"26":0,"27":18,"28":18,"29":18,"30":18,"31":18,"32":18,"33":0,"34":0,"35":0,"36":0,"37":18,"38":18,"39":11,"40":18,"41":18},"f":{"0":5,"1":0,"2":0,"3":18,"4":0,"5":18,"6":18,"7":0,"8":11},"b":{"0":[0,0],"1":[18,0],"2":[0,18]},"_coverageSchema":"1a1c01bbd47fc00a2c39e90264f33305004495a9","hash":"33c80b466431f76e139c7c6b23d7522ae8b92245"}
,"/home/jonathanfoo/repos/battleship-game/src/components/testFunctions.js": {"path":"/home/jonathanfoo/repos/battleship-game/src/components/testFunctions.js","statementMap":{"0":{"start":{"line":3,"column":8},"end":{"line":3,"column":53}},"1":{"start":{"line":6,"column":14},"end":{"line":6,"column":27}},"2":{"start":{"line":7,"column":14},"end":{"line":7,"column":27}},"3":{"start":{"line":9,"column":4},"end":{"line":9,"column":18}}},"fnMap":{"0":{"name":"forTest","decl":{"start":{"line":1,"column":24},"end":{"line":1,"column":31}},"loc":{"start":{"line":1,"column":34},"end":{"line":10,"column":1}},"line":1},"1":{"name":"randomInt","decl":{"start":{"line":2,"column":13},"end":{"line":2,"column":22}},"loc":{"start":{"line":2,"column":28},"end":{"line":4,"column":5}},"line":2}},"branchMap":{},"s":{"0":0,"1":0,"2":0,"3":0},"f":{"0":0,"1":0},"b":{},"_coverageSchema":"1a1c01bbd47fc00a2c39e90264f33305004495a9","hash":"b36e6188c58fb31fb7f8e5c4d5ff7364962a5e1f"}
}
