TN:
SF:src/components/Gameboard.js
FN:4,(anonymous_0)
FN:22,(anonymous_1)
FN:34,(anonymous_2)
FN:36,(anonymous_3)
FN:39,(anonymous_4)
FN:41,(anonymous_5)
FN:51,(anonymous_6)
FN:52,(anonymous_7)
FN:57,(anonymous_8)
FN:60,randomInt
FN:73,(anonymous_10)
FN:77,(anonymous_11)
FN:81,(anonymous_12)
FN:82,(anonymous_13)
FN:90,(anonymous_14)
FN:91,(anonymous_15)
FN:97,(anonymous_16)
FN:98,(anonymous_17)
FNF:18
FNH:11
FNDA:1,(anonymous_0)
FNDA:0,(anonymous_1)
FNDA:0,(anonymous_2)
FNDA:0,(anonymous_3)
FNDA:0,(anonymous_4)
FNDA:0,(anonymous_5)
FNDA:0,(anonymous_6)
FNDA:0,(anonymous_7)
FNDA:25,(anonymous_8)
FNDA:50,randomInt
FNDA:18,(anonymous_10)
FNDA:202,(anonymous_11)
FNDA:17,(anonymous_12)
FNDA:52,(anonymous_13)
FNDA:18,(anonymous_14)
FNDA:30,(anonymous_15)
FNDA:1,(anonymous_16)
FNDA:5,(anonymous_17)
DA:5,1
DA:16,1
DA:18,1
DA:19,1
DA:22,1
DA:23,0
DA:24,0
DA:25,0
DA:26,0
DA:28,0
DA:35,0
DA:36,0
DA:40,0
DA:41,0
DA:42,0
DA:43,0
DA:44,0
DA:45,0
DA:47,0
DA:51,1
DA:52,0
DA:58,25
DA:59,25
DA:61,50
DA:64,25
DA:65,18
DA:66,7
DA:67,0
DA:69,7
DA:73,1
DA:74,18
DA:75,18
DA:76,18
DA:77,202
DA:80,18
DA:81,17
DA:82,52
DA:84,13
DA:90,1
DA:91,30
DA:97,1
DA:98,5
LF:42
LH:26
BRDA:23,0,0,0
BRDA:23,0,1,0
BRDA:23,1,0,0
BRDA:23,1,1,0
BRDA:25,2,0,0
BRDA:25,2,1,0
BRDA:25,3,0,0
BRDA:25,3,1,0
BRDA:44,4,0,0
BRDA:44,4,1,0
BRDA:64,5,0,18
BRDA:64,5,1,7
BRDA:64,6,0,25
BRDA:64,6,1,25
BRDA:66,7,0,0
BRDA:66,7,1,7
BRDA:66,8,0,7
BRDA:66,8,1,0
BRDA:77,9,0,202
BRDA:77,9,1,202
BRDA:77,9,2,187
BRDA:77,9,3,178
BRDA:80,10,0,5
BRDA:80,10,1,13
BRF:24
BRH:12
end_of_record
TN:
SF:src/components/Ship.js
FN:2,(anonymous_0)
FN:14,(anonymous_1)
FN:15,(anonymous_2)
FN:18,(anonymous_3)
FN:25,(anonymous_4)
FN:30,(anonymous_5)
FN:49,(anonymous_6)
FN:57,(anonymous_7)
FN:61,(anonymous_8)
FNF:9
FNH:5
FNDA:5,(anonymous_0)
FNDA:0,(anonymous_1)
FNDA:0,(anonymous_2)
FNDA:18,(anonymous_3)
FNDA:0,(anonymous_4)
FNDA:18,(anonymous_5)
FNDA:18,(anonymous_6)
FNDA:0,(anonymous_7)
FNDA:11,(anonymous_8)
DA:3,5
DA:4,5
DA:5,5
DA:6,5
DA:7,5
DA:8,5
DA:9,5
DA:14,5
DA:15,5
DA:18,5
DA:19,18
DA:20,18
DA:21,18
DA:25,5
DA:26,0
DA:30,5
DA:31,18
DA:32,18
DA:33,18
DA:34,18
DA:35,47
DA:36,47
DA:39,0
DA:40,0
DA:41,0
DA:44,18
DA:50,18
DA:51,18
DA:52,18
DA:53,18
DA:55,18
DA:56,0
DA:57,0
DA:58,0
DA:60,18
DA:61,18
DA:62,18
DA:65,18
LF:38
LH:31
BRDA:26,0,0,0
BRDA:26,0,1,0
BRDA:33,1,0,18
BRDA:33,1,1,0
BRDA:55,2,0,0
BRDA:55,2,1,18
BRF:6
BRH:2
end_of_record
TN:
SF:src/components/testFunctions.js
FN:1,forTest
FN:2,randomInt
FNF:2
FNH:0
FNDA:0,forTest
FNDA:0,randomInt
DA:3,0
DA:6,0
DA:7,0
DA:9,0
LF:4
LH:0
BRF:0
BRH:0
end_of_record
