TN:
SF:Ship.js
FN:1,Ship
FN:16,(anonymous_1)
FN:18,(anonymous_2)
FN:20,(anonymous_3)
FN:25,generateShipCoords
FN:44,generateAdjacentCoords
FN:52,(anonymous_6)
FN:56,(anonymous_7)
FN:65,canBePlace
FN:66,(anonymous_9)
FN:71,setHeadCoord
FNF:11
FNH:0
FNDA:0,Ship
FNDA:0,(anonymous_1)
FNDA:0,(anonymous_2)
FNDA:0,(anonymous_3)
FNDA:0,generateShipCoords
FNDA:0,generateAdjacentCoords
FNDA:0,(anonymous_6)
FNDA:0,(anonymous_7)
FNDA:0,canBePlace
FNDA:0,(anonymous_9)
FNDA:0,setHeadCoord
DA:2,0
DA:4,0
DA:6,0
DA:8,0
DA:10,0
DA:12,0
DA:14,0
DA:16,0
DA:18,0
DA:20,0
DA:21,0
DA:26,0
DA:27,0
DA:28,0
DA:29,0
DA:30,0
DA:31,0
DA:34,0
DA:35,0
DA:36,0
DA:40,0
DA:45,0
DA:46,0
DA:47,0
DA:48,0
DA:50,0
DA:51,0
DA:52,0
DA:53,0
DA:55,0
DA:56,0
DA:57,0
DA:60,0
DA:66,0
DA:67,0
DA:72,0
DA:79,0
LF:37
LH:0
BRDA:21,0,0,0
BRDA:21,0,1,0
BRDA:28,1,0,0
BRDA:28,1,1,0
BRDA:50,2,0,0
BRDA:50,2,1,0
BRF:6
BRH:0
end_of_record
TN:
SF:testFunctions.js
FN:1,forTest
FN:2,randomInt
FNF:2
FNH:2
FNDA:1,forTest
FNDA:2,randomInt
DA:3,2
DA:6,1
DA:7,1
DA:9,1
LF:4
LH:4
BRF:0
BRH:0
end_of_record
